polybar|notice:  Parsing config file: /home/dukercs/.config/polybar/hack1bar/config.ini
polybar|notice:  Loaded font "Iosevka Nerd Font:pixelsize=10" (name=Iosevka, offset=3, file=/home/dukercs/.local/share/fonts/Iosevka Nerd Font Complete.ttf)
polybar|notice:  Loaded font "Iosevka Nerd Font:pixelsize=12" (name=Iosevka, offset=4, file=/home/dukercs/.local/share/fonts/Iosevka Nerd Font Complete.ttf)
polybar|error: Failed to clear tray client 0x2a0000b '' (XCB_WINDOW (3))
polybar|error: Failed to clear tray client 0x2a0000b '' (XCB_WINDOW (3))
polybar|error: Failed to clear tray client 0x2a0000b '' (XCB_WINDOW (3))
polybar|error: Failed to clear tray client 0x2a0000b '' (XCB_WINDOW (3))
polybar|error: Failed to clear tray client 0x2a0000b '' (XCB_WINDOW (3))
polybar|error: Failed to clear tray client 0x2a0000b '' (XCB_WINDOW (3))
polybar|error: Failed to reconfigure tray client, removing... (XCB_WINDOW (3))
polybar|error: Failed to reconfigure tray client, removing... (XCB_WINDOW (3))
polybar|error: Failed to reconfigure tray client, removing... (XCB_WINDOW (3))
polybar|error: Failed to query _XEMBED_INFO, removing client... (XCB_WINDOW (3))
polybar|warn:  Dropping unmatched character ❤ (U+2764) in 'Gaby ❤️Baixinha do bundão -...'
polybar|warn:  Dropping unmatched character ️ (U+fe0f) in 'Gaby ❤️Baixinha do bundão -...'
polybar|warn:  Dropping unmatched character ❤ (U+2764) in 'Gaby ❤️Baixinha do bundão -...'
polybar|warn:  Dropping unmatched character ️ (U+fe0f) in 'Gaby ❤️Baixinha do bundão -...'
polybar|warn:  Dropping unmatched character ❤ (U+2764) in 'Gaby ❤️Baixinha do bundão -...'
polybar|warn:  Dropping unmatched character ️ (U+fe0f) in 'Gaby ❤️Baixinha do bundão -...'
polybar|warn:  Dropping unmatched character ❤ (U+2764) in 'Gaby ❤️Baixinha do bundão -...'
polybar|warn:  Dropping unmatched character ️ (U+fe0f) in 'Gaby ❤️Baixinha do bundão -...'
polybar|warn:  Dropping unmatched character ❤ (U+2764) in 'Gaby ❤️Baixinha do bundão -...'
polybar|warn:  Dropping unmatched character ️ (U+fe0f) in 'Gaby ❤️Baixinha do bundão -...'
polybar|warn:  Dropping unmatched character ❤ (U+2764) in 'Gaby ❤️Baixinha do bundão -...'
polybar|warn:  Dropping unmatched character ️ (U+fe0f) in 'Gaby ❤️Baixinha do bundão -...'
polybar|warn:  Dropping unmatched character ❤ (U+2764) in 'Gaby ❤️Baixinha do bundão -...'
polybar|warn:  Dropping unmatched character ️ (U+fe0f) in 'Gaby ❤️Baixinha do bundão -...'
polybar|warn:  Dropping unmatched character ❤ (U+2764) in 'Gaby ❤️Baixinha do bundão -...'
polybar|warn:  Dropping unmatched character ️ (U+fe0f) in 'Gaby ❤️Baixinha do bundão -...'
polybar|warn:  Dropping unmatched character ❤ (U+2764) in 'Gaby ❤️Baixinha do bundão -...'
polybar|warn:  Dropping unmatched character ️ (U+fe0f) in 'Gaby ❤️Baixinha do bundão -...'
polybar|warn:  Dropping unmatched character ❤ (U+2764) in 'Gaby ❤️Baixinha do bundão -...'
polybar|warn:  Dropping unmatched character ️ (U+fe0f) in 'Gaby ❤️Baixinha do bundão -...'
polybar|warn:  Dropping unmatched character ❤ (U+2764) in 'Gaby ❤️Baixinha do bundão -...'
polybar|warn:  Dropping unmatched character ️ (U+fe0f) in 'Gaby ❤️Baixinha do bundão -...'
polybar|warn:  Dropping unmatched character ❤ (U+2764) in 'Gaby ❤️Baixinha do bundão -...'
polybar|warn:  Dropping unmatched character ️ (U+fe0f) in 'Gaby ❤️Baixinha do bundão -...'
polybar|warn:  Dropping unmatched character ❤ (U+2764) in 'Gaby ❤️Baixinha do bundão -...'
polybar|warn:  Dropping unmatched character ️ (U+fe0f) in 'Gaby ❤️Baixinha do bundão -...'
polybar|warn:  Dropping unmatched character ❤ (U+2764) in 'Gaby ❤️Baixinha do bundão -...'
polybar|warn:  Dropping unmatched character ️ (U+fe0f) in 'Gaby ❤️Baixinha do bundão -...'
polybar|warn:  Dropping unmatched character ❤ (U+2764) in 'Gaby ❤️Baixinha do bundão -...'
polybar|warn:  Dropping unmatched character ️ (U+fe0f) in 'Gaby ❤️Baixinha do bundão -...'
polybar|warn:  Dropping unmatched character ❤ (U+2764) in 'Gaby ❤️Baixinha do bundão -...'
polybar|warn:  Dropping unmatched character ️ (U+fe0f) in 'Gaby ❤️Baixinha do bundão -...'
polybar|warn:  Dropping unmatched character ❤ (U+2764) in 'Gaby ❤️Baixinha do bundão -...'
polybar|warn:  Dropping unmatched character ️ (U+fe0f) in 'Gaby ❤️Baixinha do bundão -...'
polybar|warn:  Dropping unmatched character ❤ (U+2764) in 'Gaby ❤️Baixinha do bundão -...'
polybar|warn:  Dropping unmatched character ️ (U+fe0f) in 'Gaby ❤️Baixinha do bundão -...'
polybar|warn:  Dropping unmatched character ❤ (U+2764) in 'Gaby ❤️Baixinha do bundão -...'
polybar|warn:  Dropping unmatched character ️ (U+fe0f) in 'Gaby ❤️Baixinha do bundão -...'
polybar|warn:  Dropping unmatched character ❤ (U+2764) in 'Gaby ❤️Baixinha do bundão -...'
polybar|warn:  Dropping unmatched character ️ (U+fe0f) in 'Gaby ❤️Baixinha do bundão -...'
polybar|warn:  Dropping unmatched character ❤ (U+2764) in 'Gaby ❤️Baixinha do bundão -...'
polybar|warn:  Dropping unmatched character ️ (U+fe0f) in 'Gaby ❤️Baixinha do bundão -...'
polybar|warn:  Dropping unmatched character ❤ (U+2764) in 'Gaby ❤️Baixinha do bundão -...'
polybar|warn:  Dropping unmatched character ️ (U+fe0f) in 'Gaby ❤️Baixinha do bundão -...'
polybar|warn:  Dropping unmatched character ❤ (U+2764) in 'Gaby ❤️Baixinha do bundão -...'
polybar|warn:  Dropping unmatched character ️ (U+fe0f) in 'Gaby ❤️Baixinha do bundão -...'
polybar|warn:  Dropping unmatched character ❤ (U+2764) in 'Gaby ❤️Baixinha do bundão -...'
polybar|warn:  Dropping unmatched character ️ (U+fe0f) in 'Gaby ❤️Baixinha do bundão -...'
polybar|warn:  Dropping unmatched character ❤ (U+2764) in 'Gaby ❤️Baixinha do bundão -...'
polybar|warn:  Dropping unmatched character ️ (U+fe0f) in 'Gaby ❤️Baixinha do bundão -...'
polybar|warn:  Dropping unmatched character ❤ (U+2764) in 'Gaby ❤️Baixinha do bundão -...'
polybar|warn:  Dropping unmatched character ️ (U+fe0f) in 'Gaby ❤️Baixinha do bundão -...'
polybar|warn:  Dropping unmatched character ❤ (U+2764) in 'Gaby ❤️Baixinha do bundão -...'
polybar|warn:  Dropping unmatched character ️ (U+fe0f) in 'Gaby ❤️Baixinha do bundão -...'
polybar|warn:  Dropping unmatched character ❤ (U+2764) in 'Gaby ❤️Baixinha do bundão -...'
polybar|warn:  Dropping unmatched character ️ (U+fe0f) in 'Gaby ❤️Baixinha do bundão -...'
polybar|warn:  Dropping unmatched character ❤ (U+2764) in 'Gaby ❤️Baixinha do bundão -...'
polybar|warn:  Dropping unmatched character ️ (U+fe0f) in 'Gaby ❤️Baixinha do bundão -...'
polybar|warn:  Dropping unmatched character ❤ (U+2764) in 'Gaby ❤️Baixinha do bundão -...'
polybar|warn:  Dropping unmatched character ️ (U+fe0f) in 'Gaby ❤️Baixinha do bundão -...'
polybar|warn:  Dropping unmatched character ❤ (U+2764) in 'Gaby ❤️Baixinha do bundão -...'
polybar|warn:  Dropping unmatched character ️ (U+fe0f) in 'Gaby ❤️Baixinha do bundão -...'
polybar|warn:  Dropping unmatched character ❤ (U+2764) in 'Gaby ❤️Baixinha do bundão -...'
polybar|warn:  Dropping unmatched character ️ (U+fe0f) in 'Gaby ❤️Baixinha do bundão -...'
polybar|warn:  Dropping unmatched character ❤ (U+2764) in 'Gaby ❤️Baixinha do bundão -...'
polybar|warn:  Dropping unmatched character ️ (U+fe0f) in 'Gaby ❤️Baixinha do bundão -...'
polybar|warn:  Dropping unmatched character ❤ (U+2764) in 'Gaby ❤️Baixinha do bundão -...'
polybar|warn:  Dropping unmatched character ️ (U+fe0f) in 'Gaby ❤️Baixinha do bundão -...'
polybar|warn:  Dropping unmatched character ❤ (U+2764) in 'Gaby ❤️Baixinha do bundão -...'
polybar|warn:  Dropping unmatched character ️ (U+fe0f) in 'Gaby ❤️Baixinha do bundão -...'
polybar|warn:  Dropping unmatched character ❤ (U+2764) in 'Gaby ❤️Baixinha do bundão -...'
polybar|warn:  Dropping unmatched character ️ (U+fe0f) in 'Gaby ❤️Baixinha do bundão -...'
polybar|warn:  Dropping unmatched character ❤ (U+2764) in 'Gaby ❤️Baixinha do bundão -...'
polybar|warn:  Dropping unmatched character ️ (U+fe0f) in 'Gaby ❤️Baixinha do bundão -...'
polybar|warn:  Dropping unmatched character ❤ (U+2764) in 'Gaby ❤️Baixinha do bundão -...'
polybar|warn:  Dropping unmatched character ️ (U+fe0f) in 'Gaby ❤️Baixinha do bundão -...'
polybar|warn:  Dropping unmatched character ❤ (U+2764) in 'Gaby ❤️Baixinha do bundão -...'
polybar|warn:  Dropping unmatched character ️ (U+fe0f) in 'Gaby ❤️Baixinha do bundão -...'
polybar|warn:  Dropping unmatched character ❤ (U+2764) in 'Gaby ❤️Baixinha do bundão -...'
polybar|warn:  Dropping unmatched character ️ (U+fe0f) in 'Gaby ❤️Baixinha do bundão -...'
polybar|warn:  Dropping unmatched character ❤ (U+2764) in 'Gaby ❤️Baixinha do bundão -...'
polybar|warn:  Dropping unmatched character ️ (U+fe0f) in 'Gaby ❤️Baixinha do bundão -...'
polybar|warn:  Dropping unmatched character ❤ (U+2764) in 'Gaby ❤️Baixinha do bundão -...'
polybar|warn:  Dropping unmatched character ️ (U+fe0f) in 'Gaby ❤️Baixinha do bundão -...'
polybar|warn:  Dropping unmatched character ❤ (U+2764) in 'Gaby ❤️Baixinha do bundão -...'
polybar|warn:  Dropping unmatched character ️ (U+fe0f) in 'Gaby ❤️Baixinha do bundão -...'
polybar|warn:  Dropping unmatched character ❤ (U+2764) in 'Gaby ❤️Baixinha do bundão -...'
polybar|warn:  Dropping unmatched character ️ (U+fe0f) in 'Gaby ❤️Baixinha do bundão -...'
polybar|warn:  Dropping unmatched character ❤ (U+2764) in 'Gaby ❤️Baixinha do bundão -...'
polybar|warn:  Dropping unmatched character ️ (U+fe0f) in 'Gaby ❤️Baixinha do bundão -...'
polybar|warn:  Dropping unmatched character ❤ (U+2764) in 'Gaby ❤️Baixinha do bundão -...'
polybar|warn:  Dropping unmatched character ️ (U+fe0f) in 'Gaby ❤️Baixinha do bundão -...'
polybar|warn:  Dropping unmatched character ❤ (U+2764) in 'Gaby ❤️Baixinha do bundão -...'
polybar|warn:  Dropping unmatched character ️ (U+fe0f) in 'Gaby ❤️Baixinha do bundão -...'
polybar|warn:  Dropping unmatched character ❤ (U+2764) in 'Gaby ❤️Baixinha do bundão -...'
polybar|warn:  Dropping unmatched character ️ (U+fe0f) in 'Gaby ❤️Baixinha do bundão -...'
polybar|warn:  Dropping unmatched character ❤ (U+2764) in 'Gaby ❤️Baixinha do bundão -...'
polybar|warn:  Dropping unmatched character ️ (U+fe0f) in 'Gaby ❤️Baixinha do bundão -...'
polybar|warn:  Dropping unmatched character ❤ (U+2764) in 'Gaby ❤️Baixinha do bundão -...'
polybar|warn:  Dropping unmatched character ️ (U+fe0f) in 'Gaby ❤️Baixinha do bundão -...'
polybar|warn:  Dropping unmatched character ❤ (U+2764) in 'Gaby ❤️Baixinha do bundão -...'
polybar|warn:  Dropping unmatched character ️ (U+fe0f) in 'Gaby ❤️Baixinha do bundão -...'
polybar|warn:  Dropping unmatched character ❤ (U+2764) in 'Gaby ❤️Baixinha do bundão -...'
polybar|warn:  Dropping unmatched character ️ (U+fe0f) in 'Gaby ❤️Baixinha do bundão -...'
polybar|warn:  Dropping unmatched character ❤ (U+2764) in 'Gaby ❤️Baixinha do bundão -...'
polybar|warn:  Dropping unmatched character ️ (U+fe0f) in 'Gaby ❤️Baixinha do bundão -...'
polybar|warn:  Dropping unmatched character ❤ (U+2764) in 'Gaby ❤️Baixinha do bundão -...'
polybar|warn:  Dropping unmatched character ️ (U+fe0f) in 'Gaby ❤️Baixinha do bundão -...'
polybar|warn:  Dropping unmatched character ❤ (U+2764) in 'Gaby ❤️Baixinha do bundão -...'
polybar|warn:  Dropping unmatched character ️ (U+fe0f) in 'Gaby ❤️Baixinha do bundão -...'
polybar|warn:  Dropping unmatched character ❤ (U+2764) in 'Gaby ❤️Baixinha do bundão -...'
polybar|warn:  Dropping unmatched character ️ (U+fe0f) in 'Gaby ❤️Baixinha do bundão -...'
polybar|warn:  Dropping unmatched character ❤ (U+2764) in 'Gaby ❤️Baixinha do bundão -...'
polybar|warn:  Dropping unmatched character ️ (U+fe0f) in 'Gaby ❤️Baixinha do bundão -...'
polybar|warn:  Dropping unmatched character ❤ (U+2764) in 'Gaby ❤️Baixinha do bundão -...'
polybar|warn:  Dropping unmatched character ️ (U+fe0f) in 'Gaby ❤️Baixinha do bundão -...'
polybar|warn:  Dropping unmatched character ❤ (U+2764) in 'Gaby ❤️Baixinha do bundão -...'
polybar|warn:  Dropping unmatched character ️ (U+fe0f) in 'Gaby ❤️Baixinha do bundão -...'
polybar|warn:  Dropping unmatched character ❤ (U+2764) in 'Gaby ❤️Baixinha do bundão -...'
polybar|warn:  Dropping unmatched character ️ (U+fe0f) in 'Gaby ❤️Baixinha do bundão -...'
polybar|warn:  Dropping unmatched character ❤ (U+2764) in 'Gaby ❤️Baixinha do bundão -...'
polybar|warn:  Dropping unmatched character ️ (U+fe0f) in 'Gaby ❤️Baixinha do bundão -...'
polybar|warn:  Dropping unmatched character ❤ (U+2764) in 'Gaby ❤️Baixinha do bundão -...'
polybar|warn:  Dropping unmatched character ️ (U+fe0f) in 'Gaby ❤️Baixinha do bundão -...'
polybar|warn:  Dropping unmatched character ❤ (U+2764) in 'Gaby ❤️Baixinha do bundão -...'
polybar|warn:  Dropping unmatched character ️ (U+fe0f) in 'Gaby ❤️Baixinha do bundão -...'
polybar|warn:  Dropping unmatched character ❤ (U+2764) in 'Gaby ❤️Baixinha do bundão -...'
polybar|warn:  Dropping unmatched character ️ (U+fe0f) in 'Gaby ❤️Baixinha do bundão -...'
polybar|warn:  Dropping unmatched character ❤ (U+2764) in 'Gaby ❤️Baixinha do bundão -...'
polybar|warn:  Dropping unmatched character ️ (U+fe0f) in 'Gaby ❤️Baixinha do bundão -...'
polybar|warn:  Dropping unmatched character ❤ (U+2764) in 'Gaby ❤️Baixinha do bundão -...'
polybar|warn:  Dropping unmatched character ️ (U+fe0f) in 'Gaby ❤️Baixinha do bundão -...'
polybar|warn:  Dropping unmatched character ❤ (U+2764) in 'Gaby ❤️Baixinha do bundão -...'
polybar|warn:  Dropping unmatched character ️ (U+fe0f) in 'Gaby ❤️Baixinha do bundão -...'
polybar|warn:  Dropping unmatched character ❤ (U+2764) in 'Gaby ❤️Baixinha do bundão -...'
polybar|warn:  Dropping unmatched character ️ (U+fe0f) in 'Gaby ❤️Baixinha do bundão -...'
polybar|warn:  Dropping unmatched character ❤ (U+2764) in 'Gaby ❤️Baixinha do bundão -...'
polybar|warn:  Dropping unmatched character ️ (U+fe0f) in 'Gaby ❤️Baixinha do bundão -...'
polybar|warn:  Dropping unmatched character ❤ (U+2764) in 'Gaby ❤️Baixinha do bundão -...'
polybar|warn:  Dropping unmatched character ️ (U+fe0f) in 'Gaby ❤️Baixinha do bundão -...'
polybar|warn:  Dropping unmatched character ❤ (U+2764) in 'Gaby ❤️Baixinha do bundão -...'
polybar|warn:  Dropping unmatched character ️ (U+fe0f) in 'Gaby ❤️Baixinha do bundão -...'
polybar|warn:  Dropping unmatched character ❤ (U+2764) in 'Gaby ❤️Baixinha do bundão -...'
polybar|warn:  Dropping unmatched character ️ (U+fe0f) in 'Gaby ❤️Baixinha do bundão -...'
polybar|warn:  Dropping unmatched character ❤ (U+2764) in 'Gaby ❤️Baixinha do bundão -...'
polybar|warn:  Dropping unmatched character ️ (U+fe0f) in 'Gaby ❤️Baixinha do bundão -...'
polybar|warn:  Dropping unmatched character ❤ (U+2764) in 'Gaby ❤️Baixinha do bundão -...'
polybar|warn:  Dropping unmatched character ️ (U+fe0f) in 'Gaby ❤️Baixinha do bundão -...'
polybar|warn:  Dropping unmatched character ❤ (U+2764) in 'Gaby ❤️Baixinha do bundão -...'
polybar|warn:  Dropping unmatched character ️ (U+fe0f) in 'Gaby ❤️Baixinha do bundão -...'
polybar|warn:  Dropping unmatched character ❤ (U+2764) in 'Gaby ❤️Baixinha do bundão -...'
polybar|warn:  Dropping unmatched character ️ (U+fe0f) in 'Gaby ❤️Baixinha do bundão -...'
polybar|warn:  Dropping unmatched character ❤ (U+2764) in 'Gaby ❤️Baixinha do bundão -...'
polybar|warn:  Dropping unmatched character ️ (U+fe0f) in 'Gaby ❤️Baixinha do bundão -...'
polybar|warn:  Dropping unmatched character ❤ (U+2764) in 'Gaby ❤️Baixinha do bundão -...'
polybar|warn:  Dropping unmatched character ️ (U+fe0f) in 'Gaby ❤️Baixinha do bundão -...'
polybar|warn:  Dropping unmatched character ❤ (U+2764) in 'Gaby ❤️Baixinha do bundão -...'
polybar|warn:  Dropping unmatched character ️ (U+fe0f) in 'Gaby ❤️Baixinha do bundão -...'
polybar|warn:  Dropping unmatched character ❤ (U+2764) in 'Gaby ❤️Baixinha do bundão -...'
polybar|warn:  Dropping unmatched character ️ (U+fe0f) in 'Gaby ❤️Baixinha do bundão -...'
polybar|warn:  Dropping unmatched character ❤ (U+2764) in 'Gaby ❤️Baixinha do bundão -...'
polybar|warn:  Dropping unmatched character ️ (U+fe0f) in 'Gaby ❤️Baixinha do bundão -...'
polybar|warn:  Dropping unmatched character ❤ (U+2764) in 'Gaby ❤️Baixinha do bundão -...'
polybar|warn:  Dropping unmatched character ️ (U+fe0f) in 'Gaby ❤️Baixinha do bundão -...'
polybar|warn:  Dropping unmatched character ❤ (U+2764) in 'Gaby ❤️Baixinha do bundão -...'
polybar|warn:  Dropping unmatched character ️ (U+fe0f) in 'Gaby ❤️Baixinha do bundão -...'
polybar|warn:  Dropping unmatched character ❤ (U+2764) in 'Gaby ❤️Baixinha do bundão -...'
polybar|warn:  Dropping unmatched character ️ (U+fe0f) in 'Gaby ❤️Baixinha do bundão -...'
polybar|notice:  pulseaudio: maximum volume reached
polybar|error: Failed to reconfigure tray client, removing... (XCB_WINDOW (3))
polybar|error: Failed to reconfigure tray client, removing... (XCB_WINDOW (3))
